<?xml version="1.0" encoding="UTF-8"?>
<!-- Generated by org.testng.reporters.JUnitReportReporter -->
<testsuite skipped="0" hostname="LAPTOP-P1UN5TRB" name="Assertlist2" tests="1" failures="0" timestamp="2020-01-08T03:10:54 IST" time="0.065" errors="0">
  <testcase name="aseertdemo" time="0.065" classname="Assertlist2"/>
</testsuite> <!-- Assertlist2 -->
