<?xml version="1.0" encoding="UTF-8"?>
<!-- Generated by org.testng.reporters.JUnitReportReporter -->
<testsuite skipped="0" hostname="LAPTOP-P1UN5TRB" name="AssertDemo" tests="1" failures="0" timestamp="2020-01-08T02:13:14 IST" time="0.026" errors="0">
  <testcase name="Asert" time="0.026" classname="AssertDemo"/>
</testsuite> <!-- AssertDemo -->
