<?xml version="1.0" encoding="UTF-8"?>
<!-- Generated by org.testng.reporters.JUnitReportReporter -->
<testsuite skipped="0" hostname="LAPTOP-P1UN5TRB" name="TestNg" tests="2" failures="0" timestamp="2020-01-06T02:27:23 IST" time="36.416" errors="0">
  <testcase name="demo1" time="18.407" classname="TestNg"/>
  <testcase name="demo" time="18.009" classname="TestNg"/>
</testsuite> <!-- TestNg -->
