<?xml version="1.0" encoding="UTF-8"?>
<!-- Generated by org.testng.reporters.JUnitReportReporter -->
<testsuite skipped="0" hostname="LAPTOP-P1UN5TRB" name="Dataprovider" tests="3" failures="0" timestamp="2020-01-09T02:03:18 IST" time="0.016" errors="0">
  <testcase name="createUser" time="0.016" classname="Dataprovider"/>
  <testcase name="createUser" time="0.000" classname="Dataprovider"/>
  <testcase name="createUser" time="0.000" classname="Dataprovider"/>
</testsuite> <!-- Dataprovider -->
